[debug] [2022-12-26T03:44:01.670Z] ----------------------------------------------------------------------
[debug] [2022-12-26T03:44:01.671Z] Command:       C:\Program Files\nodejs\node.exe C:\Users\Admin\AppData\Roaming\npm\node_modules\firebase-tools\lib\bin\firebase.js init
[debug] [2022-12-26T03:44:01.671Z] CLI Version:   11.19.0
[debug] [2022-12-26T03:44:01.671Z] Platform:      win32
[debug] [2022-12-26T03:44:01.671Z] Node Version:  v16.18.0
[debug] [2022-12-26T03:44:01.672Z] Time:          Mon Dec 26 2022 10:44:01 GMT+0700 (เวลาอินโดจีน)
[debug] [2022-12-26T03:44:01.672Z] ----------------------------------------------------------------------
[debug] 
[debug] [2022-12-26T03:44:01.674Z] >>> [apiv2][query] GET https://firebase-public.firebaseio.com/cli.json [none]
[debug] [2022-12-26T03:44:01.688Z] > command requires scopes: ["email","openid","https://www.googleapis.com/auth/cloudplatformprojects.readonly","https://www.googleapis.com/auth/firebase","https://www.googleapis.com/auth/cloud-platform"]
[debug] [2022-12-26T03:44:01.688Z] > authorizing via signed-in user (new12253952@gmail.com)
[info] 
     ######## #### ########  ######## ########     ###     ######  ########
     ##        ##  ##     ## ##       ##     ##  ##   ##  ##       ##
     ######    ##  ########  ######   ########  #########  ######  ######
     ##        ##  ##    ##  ##       ##     ## ##     ##       ## ##
     ##       #### ##     ## ######## ########  ##     ##  ######  ########

You're about to initialize a Firebase project in this directory:

  D:\react js\Port\portfolio

[debug] [2022-12-26T03:44:02.221Z] <<< [apiv2][status] GET https://firebase-public.firebaseio.com/cli.json 200
[debug] [2022-12-26T03:44:02.221Z] <<< [apiv2][body] GET https://firebase-public.firebaseio.com/cli.json {"cloudBuildErrorAfter":1594252800000,"cloudBuildWarnAfter":1590019200000,"defaultNode10After":1594252800000,"minVersion":"3.0.5","node8DeploysDisabledAfter":1613390400000,"node8RuntimeDisabledAfter":1615809600000,"node8WarnAfter":1600128000000}
[info] 
=== Project Setup
[info] 
[info] First, let's associate this project directory with a Firebase project.
[info] You can create multiple project aliases by running firebase use --add, 
[info] but for now we'll just set up a default project.
[info] 
[debug] [2022-12-26T03:45:45.758Z] > refreshing access token with scopes: []
[debug] [2022-12-26T03:45:45.759Z] >>> [apiv2][query] POST https://www.googleapis.com/oauth2/v3/token [none]
[debug] [2022-12-26T03:45:45.759Z] >>> [apiv2][body] POST https://www.googleapis.com/oauth2/v3/token [omitted]
[debug] [2022-12-26T03:45:45.883Z] <<< [apiv2][status] POST https://www.googleapis.com/oauth2/v3/token 200
[debug] [2022-12-26T03:45:45.883Z] <<< [apiv2][body] POST https://www.googleapis.com/oauth2/v3/token [omitted]
[debug] [2022-12-26T03:45:45.889Z] >>> [apiv2][query] GET https://firebase.googleapis.com/v1beta1/projects pageSize=100
[debug] [2022-12-26T03:45:46.542Z] <<< [apiv2][status] GET https://firebase.googleapis.com/v1beta1/projects 200
[debug] [2022-12-26T03:45:46.542Z] <<< [apiv2][body] GET https://firebase.googleapis.com/v1beta1/projects [omitted]
[debug] [2022-12-26T03:47:12.930Z] ----------------------------------------------------------------------
[debug] [2022-12-26T03:47:12.931Z] Command:       C:\Program Files\nodejs\node.exe C:\Users\Admin\AppData\Roaming\npm\node_modules\firebase-tools\lib\bin\firebase.js init
[debug] [2022-12-26T03:47:12.931Z] CLI Version:   11.19.0
[debug] [2022-12-26T03:47:12.931Z] Platform:      win32
[debug] [2022-12-26T03:47:12.931Z] Node Version:  v16.18.0
[debug] [2022-12-26T03:47:12.932Z] Time:          Mon Dec 26 2022 10:47:12 GMT+0700 (เวลาอินโดจีน)
[debug] [2022-12-26T03:47:12.932Z] ----------------------------------------------------------------------
[debug] 
[debug] [2022-12-26T03:47:12.936Z] > command requires scopes: ["email","openid","https://www.googleapis.com/auth/cloudplatformprojects.readonly","https://www.googleapis.com/auth/firebase","https://www.googleapis.com/auth/cloud-platform"]
[debug] [2022-12-26T03:47:12.936Z] > authorizing via signed-in user (new12253952@gmail.com)
[info] 
     ######## #### ########  ######## ########     ###     ######  ########
     ##        ##  ##     ## ##       ##     ##  ##   ##  ##       ##
     ######    ##  ########  ######   ########  #########  ######  ######
     ##        ##  ##    ##  ##       ##     ## ##     ##       ## ##
     ##       #### ##     ## ######## ########  ##     ##  ######  ########

You're about to initialize a Firebase project in this directory:

  D:\react js\Port\portfolio

[info] 
=== Project Setup
[info] 
[info] First, let's associate this project directory with a Firebase project.
[info] You can create multiple project aliases by running firebase use --add, 
[info] but for now we'll just set up a default project.
[info] 
[debug] [2022-12-26T03:48:37.589Z] >>> [apiv2][query] GET https://firebase.googleapis.com/v1beta1/projects pageSize=100
[debug] [2022-12-26T03:48:38.194Z] <<< [apiv2][status] GET https://firebase.googleapis.com/v1beta1/projects 200
[debug] [2022-12-26T03:48:38.195Z] <<< [apiv2][body] GET https://firebase.googleapis.com/v1beta1/projects [omitted]
[info] i  Using project registerapp-5fe8c (Contact) 
[info] 
=== Hosting Setup
[info] 
[info] Your public directory is the folder (relative to your project directory) that
[info] will contain Hosting assets to be uploaded with firebase deploy. If you
[info] have a build process for your assets, use your build's output directory.
[info] 
[debug] [2022-12-26T03:52:23.233Z] ----------------------------------------------------------------------
[debug] [2022-12-26T03:52:23.234Z] Command:       C:\Program Files\nodejs\node.exe C:\Users\Admin\AppData\Roaming\npm\node_modules\firebase-tools\lib\bin\firebase.js init
[debug] [2022-12-26T03:52:23.234Z] CLI Version:   11.19.0
[debug] [2022-12-26T03:52:23.234Z] Platform:      win32
[debug] [2022-12-26T03:52:23.234Z] Node Version:  v16.18.0
[debug] [2022-12-26T03:52:23.235Z] Time:          Mon Dec 26 2022 10:52:23 GMT+0700 (เวลาอินโดจีน)
[debug] [2022-12-26T03:52:23.235Z] ----------------------------------------------------------------------
[debug] 
[debug] [2022-12-26T03:52:23.240Z] > command requires scopes: ["email","openid","https://www.googleapis.com/auth/cloudplatformprojects.readonly","https://www.googleapis.com/auth/firebase","https://www.googleapis.com/auth/cloud-platform"]
[debug] [2022-12-26T03:52:23.241Z] > authorizing via signed-in user (new12253952@gmail.com)
[info] 
     ######## #### ########  ######## ########     ###     ######  ########
     ##        ##  ##     ## ##       ##     ##  ##   ##  ##       ##
     ######    ##  ########  ######   ########  #########  ######  ######
     ##        ##  ##    ##  ##       ##     ## ##     ##       ## ##
     ##       #### ##     ## ######## ########  ##     ##  ######  ########

You're about to initialize a Firebase project in this directory:

  D:\react js\Port\portfolio

[info] 
=== Project Setup
[info] 
[info] First, let's associate this project directory with a Firebase project.
[info] You can create multiple project aliases by running firebase use --add, 
[info] but for now we'll just set up a default project.
[info] 
[debug] [2022-12-26T03:52:33.090Z] >>> [apiv2][query] GET https://firebase.googleapis.com/v1beta1/projects pageSize=100
[debug] [2022-12-26T03:52:33.725Z] <<< [apiv2][status] GET https://firebase.googleapis.com/v1beta1/projects 200
[debug] [2022-12-26T03:52:33.725Z] <<< [apiv2][body] GET https://firebase.googleapis.com/v1beta1/projects [omitted]
[info] i  Using project registerapp-5fe8c (Contact) 
[info] 
=== Hosting Setup
[info] 
[info] Your public directory is the folder (relative to your project directory) that
[info] will contain Hosting assets to be uploaded with firebase deploy. If you
[info] have a build process for your assets, use your build's output directory.
[info] 
